ERROR - Only letters and Numbers allowed for verifychain.
ERROR - INVALID OTP
INFO - Verifing email OTP.
TRACE - userID catchvalley
TRACE - verifychain ZYLV5+g0CODFcFHgyr6znjAl+IAeiS0C9ejFphXWunFtRvKLi2BrQZ1jfhGt64zoZ/uCbNVKQtnCBwCDPrG0v/uwjxEzXMlzbzNR3SIYswnIGlR9yK4UiM96NPKreACoXOOjbngwV3W4EXffjhLT1lqzjd3t2qqo2OixNpvLmsg=
ERROR - Only letters and Numbers allowed for verifychain.
ERROR - INVALID OTP
INFO - Verifing email OTP.
TRACE - userID catchvalley
TRACE - verifychain ZYLV5+g0CODFcFHgyr6znjAl+IAeiS0C9ejFphXWunFtRvKLi2BrQZ1jfhGt64zoZ/uCbNVKQtnCBwCDPrG0v/uwjxEzXMlzbzNR3SIYswnIGlR9yK4UiM96NPKreACoXOOjbngwV3W4EXffjhLT1lqzjd3t2qqo2OixNpvLmsg=
ERROR - Only letters and Numbers allowed for verifychain.
ERROR - INVALID OTP
INFO - Verifing email OTP.
TRACE - userID catchvalley
TRACE - verifychain ZYLV5+g0CODFcFHgyr6znjAl+IAeiS0C9ejFphXWunFtRvKLi2BrQZ1jfhGt64zoZ/uCbNVKQtnCBwCDPrG0v/uwjxEzXMlzbzNR3SIYswnIGlR9yK4UiM96NPKreACoXOOjbngwV3W4EXffjhLT1lqzjd3t2qqo2OixNpvLmsg=
ERROR - INVALID OTP
INFO - Verifing email OTP.
TRACE - userID catchvalley
TRACE - verifychain ZYLV5+g0CODFcFHgyr6znjAl+IAeiS0C9ejFphXWunFtRvKLi2BrQZ1jfhGt64zoZ/uCbNVKQtnCBwCDPrG0v/uwjxEzXMlzbzNR3SIYswnIGlR9yK4UiM96NPKreACoXOOjbngwV3W4EXffjhLT1lqzjd3t2qqo2OixNpvLmsg=
INFO - Verifing email OTP.
TRACE - userID catchvalley
TRACE - verifychain ZYLV5+g0CODFcFHgyr6znjAl+IAeiS0C9ejFphXWunFtRvKLi2BrQZ1jfhGt64zoZ/uCbNVKQtnCBwCDPrG0v/uwjxEzXMlzbzNR3SIYswnIGlR9yK4UiM96NPKreACoXOOjbngwV3W4EXffjhLT1lqzjd3t2qqo2OixNpvLmsg=
INFO - Verifing email OTP.
TRACE - userID catchvalley
TRACE - verifychain ZYLV5+g0CODFcFHgyr6znjAl+IAeiS0C9ejFphXWunFtRvKLi2BrQZ1jfhGt64zoZ/uCbNVKQtnCBwCDPrG0v/uwjxEzXMlzbzNR3SIYswnIGlR9yK4UiM96NPKreACoXOOjbngwV3W4EXffjhLT1lqzjd3t2qqo2OixNpvLmsg=
INFO - Verifing email OTP.
TRACE - userID catchvalley
TRACE - verifychain ZYLV5+g0CODFcFHgyr6znjAl+IAeiS0C9ejFphXWunFtRvKLi2BrQZ1jfhGt64zoZ/uCbNVKQtnCBwCDPrG0v/uwjxEzXMlzbzNR3SIYswnIGlR9yK4UiM96NPKreACoXOOjbngwV3W4EXffjhLT1lqzjd3t2qqo2OixNpvLmsg=
DEBUG - compairing OTP ZYLV5+g0CODFcFHgyr6znjAl+IAeiS0C9ejFphXWunFtRvKLi2BrQZ1jfhGt64zoZ/uCbNVKQtnCBwCDPrG0v/uwjxEzXMlzbzNR3SIYswnIGlR9yK4UiM96NPKreACoXOOjbngwV3W4EXffjhLT1lqzjd3t2qqo2OixNpvLmsg=with value 
DEBUG - decrypted value id 58c5cdb8b2a202.62579656
ERROR - INVALID OTP
INFO - Verifing email OTP.
TRACE - userID catchvalley
TRACE - verifychain ZYLV5+g0CODFcFHgyr6znjAl+IAeiS0C9ejFphXWunFtRvKLi2BrQZ1jfhGt64zoZ/uCbNVKQtnCBwCDPrG0v/uwjxEzXMlzbzNR3SIYswnIGlR9yK4UiM96NPKreACoXOOjbngwV3W4EXffjhLT1lqzjd3t2qqo2OixNpvLmsg=
INFO - Verifing email OTP.
TRACE - userID catchvalley
TRACE - verifychain ZYLV5+g0CODFcFHgyr6znjAl+IAeiS0C9ejFphXWunFtRvKLi2BrQZ1jfhGt64zoZ/uCbNVKQtnCBwCDPrG0v/uwjxEzXMlzbzNR3SIYswnIGlR9yK4UiM96NPKreACoXOOjbngwV3W4EXffjhLT1lqzjd3t2qqo2OixNpvLmsg=
DEBUG - Validating email for user 
ERROR - No data found for user
INFO - Verifing email OTP.
TRACE - userId 
TRACE - verifychain ZYLV5+g0CODFcFHgyr6znjAl+IAeiS0C9ejFphXWunFtRvKLi2BrQZ1jfhGt64zoZ/uCbNVKQtnCBwCDPrG0v/uwjxEzXMlzbzNR3SIYswnIGlR9yK4UiM96NPKreACoXOOjbngwV3W4EXffjhLT1lqzjd3t2qqo2OixNpvLmsg=
ERROR - User Id is required.
DEBUG - ValIdating email for user 
ERROR - No data found for user
INFO - Verifing email OTP.
TRACE - userId catchvalley
TRACE - verifychain ZYLV5+g0CODFcFHgyr6znjAl+IAeiS0C9ejFphXWunFtRvKLi2BrQZ1jfhGt64zoZ/uCbNVKQtnCBwCDPrG0v/uwjxEzXMlzbzNR3SIYswnIGlR9yK4UiM96NPKreACoXOOjbngwV3W4EXffjhLT1lqzjd3t2qqo2OixNpvLmsg=
DEBUG - ValIdating email for user catchvalley
DEBUG - ValIdating email for user catchvalley
DEBUG - compairing OTP ZYLV5+g0CODFcFHgyr6znjAl+IAeiS0C9ejFphXWunFtRvKLi2BrQZ1jfhGt64zoZ/uCbNVKQtnCBwCDPrG0v/uwjxEzXMlzbzNR3SIYswnIGlR9yK4UiM96NPKreACoXOOjbngwV3W4EXffjhLT1lqzjd3t2qqo2OixNpvLmsg=with value 58c5cdb8b2a202.62579656
DEBUG - decrypted value id 58c5cdb8b2a202.62579656
INFO - Verifing email OTP.
TRACE - userId ssodhi
TRACE - verifychain kzucvTKLGcI+QeglxMcDrueoSXFGPkj/8PVH2kYEOB+l9JE+y4PLpOKBxCJ29yL3M3pTYtWGyyHF2f1xXqYPwWjLzk+DySy+/pSot7lJMqURiWgXL99/MF7OdvVdnMJrbX52dXuxpbyRJB/o/XDviylFhcbuO4x91NFbGyunR64=
DEBUG - ValIdating email for user ssodhi
DEBUG - ValIdating email for user ssodhi
DEBUG - compairing OTP kzucvTKLGcI+QeglxMcDrueoSXFGPkj/8PVH2kYEOB+l9JE+y4PLpOKBxCJ29yL3M3pTYtWGyyHF2f1xXqYPwWjLzk+DySy+/pSot7lJMqURiWgXL99/MF7OdvVdnMJrbX52dXuxpbyRJB/o/XDviylFhcbuO4x91NFbGyunR64=with value 58c5e5cf787f61.76252533
DEBUG - decrypted value id 58c5e5cf787f61.76252533
INFO - Verifing email OTP.
TRACE - userId 
TRACE - verifychain ZYLV5+g0CODFcFHgyr6znjAl+IAeiS0C9ejFphXWunFtRvKLi2BrQZ1jfhGt64zoZ/uCbNVKQtnCBwCDPrG0v/uwjxEzXMlzbzNR3SIYswnIGlR9yK4UiM96NPKreACoXOOjbngwV3W4EXffjhLT1lqzjd3t2qqo2OixNpvLmsg=
ERROR - User Id is required.
DEBUG - ValIdating email for user 
ERROR - No data found for user
INFO - Verifing email OTP.
TRACE - userId ssodhi
TRACE - verifychain kzucvTKLGcI+QeglxMcDrueoSXFGPkj/8PVH2kYEOB+l9JE+y4PLpOKBxCJ29yL3M3pTYtWGyyHF2f1xXqYPwWjLzk+DySy+/pSot7lJMqURiWgXL99/MF7OdvVdnMJrbX52dXuxpbyRJB/o/XDviylFhcbuO4x91NFbGyunR64=
DEBUG - ValIdating email for user ssodhi
DEBUG - ValIdating email for user ssodhi
DEBUG - compairing OTP kzucvTKLGcI+QeglxMcDrueoSXFGPkj/8PVH2kYEOB+l9JE+y4PLpOKBxCJ29yL3M3pTYtWGyyHF2f1xXqYPwWjLzk+DySy+/pSot7lJMqURiWgXL99/MF7OdvVdnMJrbX52dXuxpbyRJB/o/XDviylFhcbuO4x91NFbGyunR64=with value 58c5e5cf787f61.76252533
DEBUG - decrypted value id 58c5e5cf787f61.76252533
